2009-11-03 19:00:27 Notice: Notice (1024): Please change the value of 'Security.salt' in app/config/core.php to a salt value specific to your application in [/Applications/MAMP/htdocs/ponto/cake/libs/debugger.php, line 682]
2009-11-03 19:19:42 Notice: Notice (8): Undefined property: ColaboradoresController::$Colaborador in [/Applications/MAMP/htdocs/ponto/app/controllers/colaboradores_controller.php, line 6]
2009-11-03 19:20:21 Notice: Notice (8): Undefined property: ColaboradoresController::$Colaborador in [/Applications/MAMP/htdocs/ponto/app/controllers/colaboradores_controller.php, line 6]
2009-11-03 19:20:21 Notice: Notice (8): Undefined property: ColaboradoresController::$Colaborador in [/Applications/MAMP/htdocs/ponto/app/controllers/colaboradores_controller.php, line 6]
2009-11-03 19:20:22 Notice: Notice (8): Undefined property: ColaboradoresController::$Colaborador in [/Applications/MAMP/htdocs/ponto/app/controllers/colaboradores_controller.php, line 6]
2009-11-03 19:20:22 Notice: Notice (8): Undefined property: ColaboradoresController::$Colaborador in [/Applications/MAMP/htdocs/ponto/app/controllers/colaboradores_controller.php, line 6]
2009-11-03 19:20:22 Notice: Notice (8): Undefined property: ColaboradoresController::$Colaborador in [/Applications/MAMP/htdocs/ponto/app/controllers/colaboradores_controller.php, line 6]
2009-11-03 19:21:11 Notice: Notice (8): Undefined property: ColaboradoresController::$Colaborador in [/Applications/MAMP/htdocs/ponto/app/controllers/colaboradores_controller.php, line 6]
2009-11-03 19:21:12 Notice: Notice (8): Undefined property: ColaboradoresController::$Colaborador in [/Applications/MAMP/htdocs/ponto/app/controllers/colaboradores_controller.php, line 6]
2009-11-03 19:21:12 Notice: Notice (8): Undefined property: ColaboradoresController::$Colaborador in [/Applications/MAMP/htdocs/ponto/app/controllers/colaboradores_controller.php, line 6]
2009-11-03 19:21:12 Notice: Notice (8): Undefined property: ColaboradoresController::$Colaborador in [/Applications/MAMP/htdocs/ponto/app/controllers/colaboradores_controller.php, line 6]
2009-11-03 19:21:13 Notice: Notice (8): Undefined property: ColaboradoresController::$Colaborador in [/Applications/MAMP/htdocs/ponto/app/controllers/colaboradores_controller.php, line 6]
2009-11-03 19:21:13 Notice: Notice (8): Undefined property: ColaboradoresController::$Colaborador in [/Applications/MAMP/htdocs/ponto/app/controllers/colaboradores_controller.php, line 6]
2009-11-03 19:21:13 Notice: Notice (8): Undefined property: ColaboradoresController::$Colaborador in [/Applications/MAMP/htdocs/ponto/app/controllers/colaboradores_controller.php, line 6]
2009-11-03 19:21:13 Notice: Notice (8): Undefined property: ColaboradoresController::$Colaborador in [/Applications/MAMP/htdocs/ponto/app/controllers/colaboradores_controller.php, line 6]
2009-11-03 19:21:13 Notice: Notice (8): Undefined property: ColaboradoresController::$Colaborador in [/Applications/MAMP/htdocs/ponto/app/controllers/colaboradores_controller.php, line 6]
2009-11-03 19:21:13 Notice: Notice (8): Undefined property: ColaboradoresController::$Colaborador in [/Applications/MAMP/htdocs/ponto/app/controllers/colaboradores_controller.php, line 6]
2009-11-03 19:21:14 Notice: Notice (8): Undefined property: ColaboradoresController::$Colaborador in [/Applications/MAMP/htdocs/ponto/app/controllers/colaboradores_controller.php, line 6]
2009-11-03 19:21:14 Notice: Notice (8): Undefined property: ColaboradoresController::$Colaborador in [/Applications/MAMP/htdocs/ponto/app/controllers/colaboradores_controller.php, line 6]
2009-11-03 19:34:36 Notice: Notice (8): Undefined property: ColaboradoresController::$Colaborador in [/Applications/MAMP/htdocs/ponto/app/controllers/colaboradores_controller.php, line 6]
2009-11-03 19:54:27 Notice: Notice (8): Undefined property: FuncionariosController::$Usuario in [/Applications/MAMP/htdocs/ponto/app/controllers/funcionarios_controller.php, line 37]
2009-11-03 20:03:16 Notice: Notice (8): Undefined property: Funcionario::$Ponto in [/Applications/MAMP/htdocs/ponto/app/controllers/funcionarios_controller.php, line 6]
2009-11-03 20:04:10 Notice: Notice (8): Undefined property: Funcionario::$Ponto in [/Applications/MAMP/htdocs/ponto/app/controllers/funcionarios_controller.php, line 6]
2009-11-03 20:04:32 Notice: Notice (8): Undefined property: Funcionario::$Ponto in [/Applications/MAMP/htdocs/ponto/app/controllers/funcionarios_controller.php, line 6]
2009-11-03 20:04:38 Notice: Notice (8): Undefined property: Funcionario::$Ponto in [/Applications/MAMP/htdocs/ponto/app/controllers/funcionarios_controller.php, line 6]
2009-11-03 20:04:53 Notice: Notice (8): Undefined property: Funcionario::$Ponto in [/Applications/MAMP/htdocs/ponto/app/controllers/funcionarios_controller.php, line 6]
2009-11-03 20:04:54 Notice: Notice (8): Undefined property: Funcionario::$Ponto in [/Applications/MAMP/htdocs/ponto/app/controllers/funcionarios_controller.php, line 6]
2009-11-03 20:04:54 Notice: Notice (8): Undefined property: Funcionario::$Ponto in [/Applications/MAMP/htdocs/ponto/app/controllers/funcionarios_controller.php, line 6]
2009-11-03 20:04:54 Notice: Notice (8): Undefined property: Funcionario::$Ponto in [/Applications/MAMP/htdocs/ponto/app/controllers/funcionarios_controller.php, line 6]
2009-11-03 20:23:20 Notice: Notice (8): Undefined property: PontosController::$Funcionario in [/Applications/MAMP/htdocs/ponto/app/controllers/pontos_controller.php, line 12]
2009-11-03 20:24:32 Notice: Notice (8): Undefined index:  Funcionario in [/Applications/MAMP/htdocs/ponto/app/controllers/pontos_controller.php, line 15]
2009-11-03 20:41:30 Notice: Notice (8): Array to string conversion in [/Applications/MAMP/htdocs/ponto/cake/libs/model/datasources/dbo_source.php, line 1740]
2009-11-03 20:41:30 Notice: Notice (8): Array to string conversion in [/Applications/MAMP/htdocs/ponto/cake/libs/model/datasources/dbo_source.php, line 1744]
2009-11-03 20:41:30 Notice: Notice (8): Array to string conversion in [/Applications/MAMP/htdocs/ponto/cake/libs/model/datasources/dbo_source.php, line 1748]
2009-11-03 20:41:30 Notice: Notice (8): Array to string conversion in [/Applications/MAMP/htdocs/ponto/cake/libs/model/datasources/dbo_source.php, line 1749]
2009-11-03 20:51:05 Notice: Notice (8): Undefined index:  tipo in [/Applications/MAMP/htdocs/ponto/app/views/pontos/ver.ctp, line 3]
2009-11-03 20:51:34 Notice: Notice (8): Undefined index:  tipo in [/Applications/MAMP/htdocs/ponto/app/views/pontos/ver.ctp, line 3]
2009-11-03 21:09:43 Notice: Notice (8): Undefined index:  hora in [/Applications/MAMP/htdocs/ponto/app/views/pontos/ver.ctp, line 8]
2009-11-03 21:39:59 Notice: Notice (8): Undefined index:  pausa in [/Applications/MAMP/htdocs/ponto/app/views/pontos/ver.ctp, line 10]
2009-11-04 13:40:59 Notice: Notice (8): Undefined index:  almoco_inicio in [/Applications/MAMP/htdocs/ponto/app/views/pontos/ver.ctp, line 7]
2009-11-04 13:40:59 Notice: Notice (8): Undefined index:  almoco_fim in [/Applications/MAMP/htdocs/ponto/app/views/pontos/ver.ctp, line 8]
2009-11-04 13:40:59 Notice: Notice (8): Undefined index:  saida in [/Applications/MAMP/htdocs/ponto/app/views/pontos/ver.ctp, line 9]
2009-11-04 13:49:52 Notice: Notice (8): Undefined index:  almoco_inicio in [/Applications/MAMP/htdocs/ponto/app/controllers/pontos_controller.php, line 77]
2009-11-04 13:49:52 Notice: Notice (8): Undefined index:  almoco_fim in [/Applications/MAMP/htdocs/ponto/app/controllers/pontos_controller.php, line 78]
2009-11-04 13:49:52 Notice: Notice (8): Undefined index:  saida in [/Applications/MAMP/htdocs/ponto/app/controllers/pontos_controller.php, line 79]
2009-11-04 13:49:52 Notice: Notice (8): Undefined variable: temp in [/Applications/MAMP/htdocs/ponto/app/controllers/pontos_controller.php, line 114]
2009-11-04 13:51:46 Notice: Notice (8): Undefined index:  almoco_inicio in [/Applications/MAMP/htdocs/ponto/app/controllers/pontos_controller.php, line 77]
2009-11-04 13:51:46 Notice: Notice (8): Undefined index:  almoco_fim in [/Applications/MAMP/htdocs/ponto/app/controllers/pontos_controller.php, line 78]
2009-11-04 13:51:46 Notice: Notice (8): Undefined index:  saida in [/Applications/MAMP/htdocs/ponto/app/controllers/pontos_controller.php, line 79]
2009-11-04 14:14:08 Notice: Notice (8): Undefined index:  entrada in [/Applications/MAMP/htdocs/ponto/app/controllers/pontos_controller.php, line 76]
2009-11-04 14:14:08 Notice: Notice (8): Undefined index:  entrada in [/Applications/MAMP/htdocs/ponto/app/views/pontos/ver.ctp, line 7]
2009-11-04 14:14:23 Notice: Notice (8): Undefined index:  entrada in [/Applications/MAMP/htdocs/ponto/app/controllers/pontos_controller.php, line 76]
2009-11-04 14:14:23 Notice: Notice (8): Undefined index:  entrada in [/Applications/MAMP/htdocs/ponto/app/views/pontos/ver.ctp, line 7]
2009-11-04 14:16:25 Notice: Notice (8): Undefined variable: temp in [/Applications/MAMP/htdocs/ponto/app/controllers/pontos_controller.php, line 146]
2009-11-04 14:28:12 Notice: Notice (8): Undefined variable: diasemana in [/Applications/MAMP/htdocs/ponto/app/controllers/pontos_controller.php, line 63]
2009-11-04 14:28:35 Notice: Notice (8): Undefined variable: diasemana in [/Applications/MAMP/htdocs/ponto/app/controllers/pontos_controller.php, line 63]
2009-11-04 14:32:04 Notice: Notice (8): Undefined variable: temp in [/Applications/MAMP/htdocs/ponto/app/controllers/pontos_controller.php, line 157]
2009-11-04 14:32:38 Notice: Notice (8): Undefined variable: temp in [/Applications/MAMP/htdocs/ponto/app/controllers/pontos_controller.php, line 157]
2009-11-04 14:32:55 Notice: Notice (8): Undefined variable: temp in [/Applications/MAMP/htdocs/ponto/app/controllers/pontos_controller.php, line 157]
2009-11-04 14:33:13 Notice: Notice (8): Undefined variable: temp in [/Applications/MAMP/htdocs/ponto/app/controllers/pontos_controller.php, line 157]
2009-11-04 14:36:56 Notice: Notice (8): Undefined variable: temp in [/Applications/MAMP/htdocs/ponto/app/controllers/pontos_controller.php, line 167]
2009-11-04 14:36:57 Notice: Notice (8): Undefined variable: temp in [/Applications/MAMP/htdocs/ponto/app/controllers/pontos_controller.php, line 167]
2009-11-04 14:36:58 Notice: Notice (8): Undefined variable: temp in [/Applications/MAMP/htdocs/ponto/app/controllers/pontos_controller.php, line 167]
2009-11-04 14:36:59 Notice: Notice (8): Undefined variable: temp in [/Applications/MAMP/htdocs/ponto/app/controllers/pontos_controller.php, line 167]
2009-11-04 14:37:12 Notice: Notice (8): Undefined variable: temp in [/Applications/MAMP/htdocs/ponto/app/controllers/pontos_controller.php, line 168]
2009-11-04 14:37:13 Notice: Notice (8): Undefined variable: temp in [/Applications/MAMP/htdocs/ponto/app/controllers/pontos_controller.php, line 168]
2009-11-04 14:40:21 Notice: Notice (8): Undefined variable: temp in [/Applications/MAMP/htdocs/ponto/app/controllers/pontos_controller.php, line 170]
2009-11-04 16:42:47 Notice: Notice (8): Undefined variable: naoPermitir in [/Applications/MAMP/htdocs/ponto/app/app_controller.php, line 33]
2009-11-04 16:42:47 Notice: Notice (8): Undefined variable: naoPermitir in [/Applications/MAMP/htdocs/ponto/app/app_controller.php, line 34]
2009-11-04 17:10:36 Notice: Notice (8): Undefined index:  Funcionarios in [/Applications/MAMP/htdocs/ponto/app/app_controller.php, line 37]
2009-11-04 19:08:08 Notice: Notice (8): Undefined variable: temp in [/Applications/MAMP/htdocs/ponto/app/controllers/pontos_controller.php, line 167]
2009-11-04 19:11:36 Notice: Notice (8): Undefined variable: temp in [/Applications/MAMP/htdocs/ponto/app/controllers/pontos_controller.php, line 167]
2009-11-04 19:12:14 Notice: Notice (8): Undefined variable: temp in [/Applications/MAMP/htdocs/ponto/app/controllers/pontos_controller.php, line 167]
2009-11-04 22:16:58 Notice: Notice (8): Undefined index:  2009-11-04 in [/Applications/MAMP/htdocs/ponto/app/controllers/pontos_controller.php, line 108]
2009-11-04 22:16:59 Notice: Notice (8): Undefined index:  2009-11-05 in [/Applications/MAMP/htdocs/ponto/app/controllers/pontos_controller.php, line 108]
2009-11-04 22:16:59 Notice: Notice (8): Undefined index:  2009-11-06 in [/Applications/MAMP/htdocs/ponto/app/controllers/pontos_controller.php, line 108]
2009-11-04 22:17:00 Notice: Notice (8): Undefined index:  2009-11-07 in [/Applications/MAMP/htdocs/ponto/app/controllers/pontos_controller.php, line 108]
2009-11-04 22:17:00 Notice: Notice (8): Undefined index:  2009-11-08 in [/Applications/MAMP/htdocs/ponto/app/controllers/pontos_controller.php, line 108]
2009-11-04 22:17:01 Notice: Notice (8): Undefined index:  2009-11-09 in [/Applications/MAMP/htdocs/ponto/app/controllers/pontos_controller.php, line 108]
2009-11-04 22:17:01 Notice: Notice (8): Undefined index:  2009-11-10 in [/Applications/MAMP/htdocs/ponto/app/controllers/pontos_controller.php, line 108]
2009-11-04 22:17:02 Notice: Notice (8): Undefined index:  2009-11-11 in [/Applications/MAMP/htdocs/ponto/app/controllers/pontos_controller.php, line 108]
2009-11-04 22:17:02 Notice: Notice (8): Undefined index:  2009-11-12 in [/Applications/MAMP/htdocs/ponto/app/controllers/pontos_controller.php, line 108]
2009-11-04 22:17:03 Notice: Notice (8): Undefined index:  2009-11-13 in [/Applications/MAMP/htdocs/ponto/app/controllers/pontos_controller.php, line 108]
2009-11-04 22:17:39 Notice: Notice (8): Undefined index:  2009-04-20 in [/Applications/MAMP/htdocs/ponto/app/controllers/pontos_controller.php, line 108]
2009-11-04 22:17:39 Notice: Notice (8): Undefined index:  2009-04-21 in [/Applications/MAMP/htdocs/ponto/app/controllers/pontos_controller.php, line 108]
2009-11-04 22:17:40 Notice: Notice (8): Undefined index:  2009-04-22 in [/Applications/MAMP/htdocs/ponto/app/controllers/pontos_controller.php, line 108]
2009-11-04 22:17:40 Notice: Notice (8): Undefined index:  2009-04-23 in [/Applications/MAMP/htdocs/ponto/app/controllers/pontos_controller.php, line 108]
2009-11-04 22:17:40 Notice: Notice (8): Undefined index:  2009-04-24 in [/Applications/MAMP/htdocs/ponto/app/controllers/pontos_controller.php, line 108]
2009-11-04 22:17:41 Notice: Notice (8): Undefined index:  2009-04-25 in [/Applications/MAMP/htdocs/ponto/app/controllers/pontos_controller.php, line 108]
2009-11-04 22:41:37 Notice: Notice (8): Undefined index:  Funcionario in [/Applications/MAMP/htdocs/ponto/app/views/funcionarios/index.ctp, line 5]
2009-11-04 22:41:37 Notice: Notice (8): Undefined index:  Funcionario in [/Applications/MAMP/htdocs/ponto/app/views/funcionarios/index.ctp, line 6]
2009-11-04 22:41:37 Notice: Notice (8): Undefined index:  Funcionario in [/Applications/MAMP/htdocs/ponto/app/views/funcionarios/index.ctp, line 7]
2009-11-04 22:48:54 Notice: Notice (8): Undefined property: PontosController::$Funcionario in [/Applications/MAMP/htdocs/ponto/app/controllers/pontos_controller.php, line 65]
2009-11-04 22:54:11 Notice: Notice (8): Undefined variable: funcionario in [/Applications/MAMP/htdocs/ponto/app/controllers/pontos_controller.php, line 18]
2009-11-04 23:07:53 Notice: Notice (8): Array to string conversion in [/Applications/MAMP/htdocs/ponto/cake/libs/model/datasources/dbo_source.php, line 1740]
2009-11-04 23:07:53 Notice: Notice (8): Array to string conversion in [/Applications/MAMP/htdocs/ponto/cake/libs/model/datasources/dbo_source.php, line 1744]
2009-11-04 23:07:53 Notice: Notice (8): Array to string conversion in [/Applications/MAMP/htdocs/ponto/cake/libs/model/datasources/dbo_source.php, line 1748]
2009-11-04 23:07:53 Notice: Notice (8): Array to string conversion in [/Applications/MAMP/htdocs/ponto/cake/libs/model/datasources/dbo_source.php, line 1749]
2009-11-04 23:08:10 Notice: Notice (8): Array to string conversion in [/Applications/MAMP/htdocs/ponto/cake/libs/model/datasources/dbo_source.php, line 1740]
2009-11-04 23:08:10 Notice: Notice (8): Array to string conversion in [/Applications/MAMP/htdocs/ponto/cake/libs/model/datasources/dbo_source.php, line 1744]
2009-11-04 23:08:10 Notice: Notice (8): Array to string conversion in [/Applications/MAMP/htdocs/ponto/cake/libs/model/datasources/dbo_source.php, line 1748]
2009-11-04 23:08:10 Notice: Notice (8): Array to string conversion in [/Applications/MAMP/htdocs/ponto/cake/libs/model/datasources/dbo_source.php, line 1749]
2009-11-04 23:08:49 Notice: Notice (8): Array to string conversion in [/Applications/MAMP/htdocs/ponto/cake/libs/model/datasources/dbo_source.php, line 1740]
2009-11-04 23:08:49 Notice: Notice (8): Array to string conversion in [/Applications/MAMP/htdocs/ponto/cake/libs/model/datasources/dbo_source.php, line 1744]
2009-11-04 23:08:49 Notice: Notice (8): Array to string conversion in [/Applications/MAMP/htdocs/ponto/cake/libs/model/datasources/dbo_source.php, line 1748]
2009-11-04 23:08:49 Notice: Notice (8): Array to string conversion in [/Applications/MAMP/htdocs/ponto/cake/libs/model/datasources/dbo_source.php, line 1749]
2009-11-04 23:11:02 Notice: Notice (8): Undefined offset:  0 in [/Applications/MAMP/htdocs/ponto/cake/libs/model/model.php, line 1092]
2009-11-04 23:28:57 Notice: Notice (8): Undefined variable: ts2 in [/Applications/MAMP/htdocs/ponto/app/controllers/pontos_controller.php, line 260]
2009-11-04 23:28:57 Notice: Notice (8): Undefined variable: ts1 in [/Applications/MAMP/htdocs/ponto/app/controllers/pontos_controller.php, line 260]
2009-11-04 23:28:57 Notice: Notice (8): Undefined variable: ts1 in [/Applications/MAMP/htdocs/ponto/app/controllers/pontos_controller.php, line 266]
2009-11-04 23:28:57 Notice: Notice (8): Undefined variable: ts2 in [/Applications/MAMP/htdocs/ponto/app/controllers/pontos_controller.php, line 267]
2009-11-04 23:28:57 Notice: Notice (8): Undefined variable: temp in [/Applications/MAMP/htdocs/ponto/app/controllers/pontos_controller.php, line 269]
2009-11-05 00:04:54 Notice: Notice (8): Undefined index:  2009-10-31 in [/Applications/MAMP/htdocs/ponto/app/controllers/pontos_controller.php, line 156]
2009-11-05 00:04:54 Notice: Notice (8): Undefined index:  2009-11-01 in [/Applications/MAMP/htdocs/ponto/app/controllers/pontos_controller.php, line 156]
2009-11-05 00:04:55 Notice: Notice (8): Undefined index:  2009-11-02 in [/Applications/MAMP/htdocs/ponto/app/controllers/pontos_controller.php, line 156]
2009-11-05 00:04:55 Notice: Notice (8): Undefined index:  2009-11-03 in [/Applications/MAMP/htdocs/ponto/app/controllers/pontos_controller.php, line 156]
2009-11-05 00:04:56 Notice: Notice (8): Undefined index:  2009-11-04 in [/Applications/MAMP/htdocs/ponto/app/controllers/pontos_controller.php, line 156]
2009-11-05 00:42:50 Notice: Notice (8): Undefined variable: loopData in [/Applications/MAMP/htdocs/ponto/app/controllers/pontos_controller.php, line 237]
2009-11-05 02:10:36 Notice: Notice (8): Undefined property: Funcionario::$Auth in [/Applications/MAMP/htdocs/ponto/app/models/funcionario.php, line 60]
2009-11-05 02:12:35 Notice: Notice (8): Undefined variable: confirmaHashed in [/Applications/MAMP/htdocs/ponto/app/models/funcionario.php, line 65]
2009-11-05 02:17:36 Notice: Notice (8): Undefined variable: confirmaHashed in [/Applications/MAMP/htdocs/ponto/app/models/funcionario.php, line 67]
2009-11-05 02:18:17 Notice: Notice (8): Undefined variable: senhaSemHash in [/Applications/MAMP/htdocs/ponto/app/models/funcionario.php, line 61]
2009-11-05 02:30:59 Notice: Notice (8): Undefined property: View::$Session in [/Applications/MAMP/htdocs/ponto/app/views/funcionarios/add.ctp, line 1]
2009-11-05 02:31:20 Notice: Notice (8): Undefined property: View::$Funcionarios in [/Applications/MAMP/htdocs/ponto/app/views/funcionarios/add.ctp, line 1]
2009-11-05 02:31:20 Notice: Notice (8): Trying to get property of non-object in [/Applications/MAMP/htdocs/ponto/app/views/funcionarios/add.ctp, line 1]
2009-11-05 02:31:26 Notice: Notice (8): Undefined property: View::$Session in [/Applications/MAMP/htdocs/ponto/app/views/funcionarios/add.ctp, line 1]
2009-11-05 02:31:28 Notice: Notice (8): Undefined property: View::$Sessions in [/Applications/MAMP/htdocs/ponto/app/views/funcionarios/add.ctp, line 1]
2009-11-05 02:31:31 Notice: Notice (8): Undefined property: View::$Session in [/Applications/MAMP/htdocs/ponto/app/views/funcionarios/add.ctp, line 1]
2009-11-05 14:36:40 Notice: Notice (8): Undefined index:  senha in [/Applications/MAMP/htdocs/ponto/app/controllers/funcionarios_controller.php, line 82]
2009-11-05 14:48:22 Notice: Notice (8): Undefined variable: temp in [/Applications/MAMP/htdocs/ponto/app/controllers/pontos_controller.php, line 286]
2009-11-05 14:48:26 Notice: Notice (8): Undefined variable: temp in [/Applications/MAMP/htdocs/ponto/app/controllers/pontos_controller.php, line 286]
2009-11-05 16:13:10 Notice: Notice (8): Undefined index:  data in [/Applications/MAMP/htdocs/ponto/app/views/pontos/ver.ctp, line 25]
2009-11-05 16:44:01 Notice: Notice (8): Undefined variable: id in [/Applications/MAMP/htdocs/ponto/app/controllers/justificativas_controller.php, line 36]
2009-11-05 16:44:36 Notice: Notice (8): Undefined variable: id in [/Applications/MAMP/htdocs/ponto/app/controllers/justificativas_controller.php, line 19]
2009-11-05 16:49:41 Notice: Notice (8): Undefined variable: funcionario_id in [/Applications/MAMP/htdocs/ponto/app/views/justificativas/edit.ctp, line 13]
2009-11-05 16:53:11 Notice: Notice (8): Undefined property: Justificativa::$funcionario_od in [/Applications/MAMP/htdocs/ponto/app/controllers/justificativas_controller.php, line 17]
2009-11-05 16:53:33 Notice: Notice (8): Trying to get property of non-object in [/Applications/MAMP/htdocs/ponto/app/controllers/justificativas_controller.php, line 17]
2009-11-05 17:45:40 Notice: Notice (8): Undefined index:  ip in [/Applications/MAMP/htdocs/ponto/app/views/pontos/ver.ctp, line 32]
2009-11-05 17:45:41 Notice: Notice (8): Undefined index:  ippadrao in [/Applications/MAMP/htdocs/ponto/app/views/pontos/ver.ctp, line 32]
2009-11-05 17:45:41 Notice: Notice (8): Undefined index:  ip in [/Applications/MAMP/htdocs/ponto/app/views/pontos/ver.ctp, line 45]
2009-11-05 17:45:41 Notice: Notice (8): Undefined index:  ippadrao in [/Applications/MAMP/htdocs/ponto/app/views/pontos/ver.ctp, line 45]
2009-11-05 19:43:04 Notice: Notice (8): Undefined index:  id in [/Applications/MAMP/htdocs/ponto/app/views/pontos/ver.ctp, line 54]
2009-11-05 19:52:20 Notice: Notice (8): Undefined index:  ponto in [/Applications/MAMP/htdocs/ponto/app/controllers/pontos_controller.php, line 387]
2009-11-05 20:04:15 Notice: Notice (8): Undefined variable: temp in [/Applications/MAMP/htdocs/ponto/app/controllers/pontos_controller.php, line 435]
2009-11-05 20:04:52 Notice: Notice (8): Undefined variable: temp in [/Applications/MAMP/htdocs/ponto/app/controllers/pontos_controller.php, line 435]
2009-11-05 20:04:53 Notice: Notice (8): Undefined variable: temp in [/Applications/MAMP/htdocs/ponto/app/controllers/pontos_controller.php, line 435]
2009-11-05 20:04:56 Notice: Notice (8): Undefined variable: temp in [/Applications/MAMP/htdocs/ponto/app/controllers/pontos_controller.php, line 435]
2009-11-05 23:38:10 Notice: Notice (8): Undefined variable: escape in [/Applications/MAMP/htdocs/ponto/cake/libs/router.php, line 966]
2009-11-05 23:45:36 Notice: Notice (8): Undefined index:  almoco_fim in [/Applications/MAMP/htdocs/ponto/app/views/pontos/index.ctp, line 67]
2009-11-06 00:01:58 Notice: Notice (8): Undefined index:  entrada in [/Applications/MAMP/htdocs/ponto/app/controllers/pontos_controller.php, line 243]
2009-11-06 00:01:58 Notice: Notice (8): Undefined index:  1969-12-31 in [/Applications/MAMP/htdocs/ponto/app/controllers/pontos_controller.php, line 257]
2009-11-06 00:04:25 Notice: Notice (8): Undefined property: View::$Session in [/Applications/MAMP/htdocs/ponto/app/views/layouts/default.ctp, line 41]
2009-11-06 00:06:03 Notice: Notice (8): Undefined variable: infoLogado in [/Applications/MAMP/htdocs/ponto/app/views/layouts/default.ctp, line 41]
2009-11-06 00:06:04 Notice: Notice (8): Undefined variable: infoLogado in [/Applications/MAMP/htdocs/ponto/app/views/layouts/default.ctp, line 41]
2009-11-06 00:09:21 Notice: Notice (8): Undefined variable: infoLogado in [/Applications/MAMP/htdocs/ponto/app/views/layouts/default.ctp, line 41]
2009-11-06 00:09:21 Notice: Notice (8): Undefined variable: infoLogado in [/Applications/MAMP/htdocs/ponto/app/views/layouts/default.ctp, line 45]
2009-11-06 00:10:41 Notice: Notice (8): Undefined variable: infoLogado in [/Applications/MAMP/htdocs/ponto/app/views/layouts/default.ctp, line 41]
2009-11-06 00:10:41 Notice: Notice (8): Undefined variable: infoLogado in [/Applications/MAMP/htdocs/ponto/app/views/layouts/default.ctp, line 45]
2009-11-06 00:10:54 Notice: Notice (8): Undefined variable: infoLogado in [/Applications/MAMP/htdocs/ponto/app/views/layouts/default.ctp, line 41]
2009-11-06 00:10:54 Notice: Notice (8): Undefined variable: infoLogado in [/Applications/MAMP/htdocs/ponto/app/views/layouts/default.ctp, line 45]
2009-11-06 00:11:21 Notice: Notice (8): Undefined variable: infoLogado in [/Applications/MAMP/htdocs/ponto/app/views/layouts/default.ctp, line 41]
2009-11-06 00:11:21 Notice: Notice (8): Undefined variable: infoLogado in [/Applications/MAMP/htdocs/ponto/app/views/layouts/default.ctp, line 45]
2009-11-06 00:11:22 Notice: Notice (8): Undefined variable: infoLogado in [/Applications/MAMP/htdocs/ponto/app/views/layouts/default.ctp, line 41]
2009-11-06 00:11:22 Notice: Notice (8): Undefined variable: infoLogado in [/Applications/MAMP/htdocs/ponto/app/views/layouts/default.ctp, line 45]
2009-11-06 00:11:25 Notice: Notice (8): Undefined variable: infoLogado in [/Applications/MAMP/htdocs/ponto/app/views/layouts/default.ctp, line 41]
2009-11-06 00:11:25 Notice: Notice (8): Undefined variable: infoLogado in [/Applications/MAMP/htdocs/ponto/app/views/layouts/default.ctp, line 45]
2009-11-06 00:11:29 Notice: Notice (8): Undefined variable: infoLogado in [/Applications/MAMP/htdocs/ponto/app/views/layouts/default.ctp, line 41]
2009-11-06 00:11:29 Notice: Notice (8): Undefined variable: infoLogado in [/Applications/MAMP/htdocs/ponto/app/views/layouts/default.ctp, line 45]
2009-11-06 00:11:47 Notice: Notice (8): Undefined variable: infoLogado in [/Applications/MAMP/htdocs/ponto/app/views/layouts/default.ctp, line 41]
2009-11-06 00:11:47 Notice: Notice (8): Undefined variable: infoLogado in [/Applications/MAMP/htdocs/ponto/app/views/layouts/default.ctp, line 45]
2009-11-06 00:17:01 Notice: Notice (8): Undefined variable: funcionario_id in [/Applications/MAMP/htdocs/ponto/app/controllers/pontos_controller.php, line 62]
2009-11-06 00:17:01 Notice: Notice (8): Undefined variable: infoLogado in [/Applications/MAMP/htdocs/ponto/app/views/layouts/default.ctp, line 41]
2009-11-06 00:17:01 Notice: Notice (8): Undefined variable: infoLogado in [/Applications/MAMP/htdocs/ponto/app/views/layouts/default.ctp, line 45]
2009-11-06 00:22:03 Notice: Notice (8): Undefined variable: infoLogado in [/Applications/MAMP/htdocs/ponto/app/views/layouts/default.ctp, line 41]
2009-11-06 00:22:03 Notice: Notice (8): Undefined variable: infoLogado in [/Applications/MAMP/htdocs/ponto/app/views/layouts/default.ctp, line 45]
2009-11-06 00:22:32 Notice: Notice (8): Undefined variable: funcionario_id in [/Applications/MAMP/htdocs/ponto/app/controllers/pontos_controller.php, line 62]
2009-11-06 00:22:33 Notice: Notice (8): Undefined index:  Funcionario in [/Applications/MAMP/htdocs/ponto/app/views/pontos/dia.ctp, line 75]
2009-11-06 00:23:05 Notice: Notice (8): Undefined index:  Funcionario in [/Applications/MAMP/htdocs/ponto/app/views/pontos/dia.ctp, line 75]
2009-11-06 00:23:59 Notice: Notice (8): Undefined index:  Funcionario in [/Applications/MAMP/htdocs/ponto/app/views/pontos/dia.ctp, line 75]
2009-11-06 00:24:47 Notice: Notice (8): Undefined index:  Funcionario in [/Applications/MAMP/htdocs/ponto/app/views/pontos/dia.ctp, line 75]
2009-11-06 00:25:06 Notice: Notice (8): Undefined variable: entrada in [/Applications/MAMP/htdocs/ponto/app/views/pontos/dia.ctp, line 80]
2009-11-06 00:25:06 Notice: Notice (8): Undefined variable: almoco_inicio in [/Applications/MAMP/htdocs/ponto/app/views/pontos/dia.ctp, line 85]
2009-11-06 00:25:07 Notice: Notice (8): Undefined variable: almoco_fim in [/Applications/MAMP/htdocs/ponto/app/views/pontos/dia.ctp, line 90]
2009-11-06 00:25:07 Notice: Notice (8): Undefined variable: saida in [/Applications/MAMP/htdocs/ponto/app/views/pontos/dia.ctp, line 95]
2009-11-06 00:28:19 Notice: Notice (8): Undefined variable: infoLogado in [/Applications/MAMP/htdocs/ponto/app/views/layouts/default.ctp, line 41]
2009-11-06 00:28:19 Notice: Notice (8): Undefined variable: infoLogado in [/Applications/MAMP/htdocs/ponto/app/views/layouts/default.ctp, line 45]
2009-11-06 00:28:33 Notice: Notice (8): Undefined variable: infoLogado in [/Applications/MAMP/htdocs/ponto/app/views/layouts/default.ctp, line 41]
2009-11-06 00:28:33 Notice: Notice (8): Undefined variable: infoLogado in [/Applications/MAMP/htdocs/ponto/app/views/layouts/default.ctp, line 45]
2009-11-06 00:29:37 Notice: Notice (8): Undefined variable: infoLogado in [/Applications/MAMP/htdocs/ponto/app/views/layouts/default.ctp, line 41]
2009-11-06 00:29:37 Notice: Notice (8): Undefined variable: infoLogado in [/Applications/MAMP/htdocs/ponto/app/views/layouts/default.ctp, line 45]
2009-11-06 00:33:33 Notice: Notice (8): Undefined variable: infoLogado in [/Applications/MAMP/htdocs/ponto/app/views/layouts/default.ctp, line 41]
2009-11-06 00:33:33 Notice: Notice (8): Undefined variable: infoLogado in [/Applications/MAMP/htdocs/ponto/app/views/layouts/default.ctp, line 45]
2009-11-06 00:33:33 Notice: Notice (8): Undefined variable: infoLogado in [/Applications/MAMP/htdocs/ponto/app/views/layouts/default.ctp, line 49]
2009-11-06 00:33:33 Notice: Notice (8): Undefined variable: infoLogado in [/Applications/MAMP/htdocs/ponto/app/views/layouts/default.ctp, line 53]
2009-11-06 00:33:33 Notice: Notice (8): Undefined variable: infoLogado in [/Applications/MAMP/htdocs/ponto/app/views/layouts/default.ctp, line 57]
2009-11-06 00:34:14 Notice: Notice (8): Undefined variable: infoLogado in [/Applications/MAMP/htdocs/ponto/app/views/layouts/default.ctp, line 41]
2009-11-06 00:34:14 Notice: Notice (8): Undefined variable: infoLogado in [/Applications/MAMP/htdocs/ponto/app/views/layouts/default.ctp, line 45]
2009-11-06 00:34:14 Notice: Notice (8): Undefined variable: infoLogado in [/Applications/MAMP/htdocs/ponto/app/views/layouts/default.ctp, line 49]
2009-11-06 00:34:14 Notice: Notice (8): Undefined variable: infoLogado in [/Applications/MAMP/htdocs/ponto/app/views/layouts/default.ctp, line 53]
2009-11-06 00:34:14 Notice: Notice (8): Undefined variable: infoLogado in [/Applications/MAMP/htdocs/ponto/app/views/layouts/default.ctp, line 57]
2009-11-06 00:35:30 Notice: Notice (8): Undefined variable: infoLogado in [/Applications/MAMP/htdocs/ponto/app/views/layouts/default.ctp, line 41]
2009-11-06 00:35:30 Notice: Notice (8): Undefined variable: infoLogado in [/Applications/MAMP/htdocs/ponto/app/views/layouts/default.ctp, line 45]
2009-11-06 00:35:31 Notice: Notice (8): Undefined variable: infoLogado in [/Applications/MAMP/htdocs/ponto/app/views/layouts/default.ctp, line 49]
2009-11-06 00:35:31 Notice: Notice (8): Undefined variable: infoLogado in [/Applications/MAMP/htdocs/ponto/app/views/layouts/default.ctp, line 53]
2009-11-06 00:35:31 Notice: Notice (8): Undefined variable: infoLogado in [/Applications/MAMP/htdocs/ponto/app/views/layouts/default.ctp, line 57]
2009-11-06 00:37:52 Notice: Notice (8): Undefined variable: infoLogado in [/Applications/MAMP/htdocs/pontofinch/app/views/layouts/default.ctp, line 41]
2009-11-06 00:37:52 Notice: Notice (8): Undefined variable: infoLogado in [/Applications/MAMP/htdocs/pontofinch/app/views/layouts/default.ctp, line 45]
2009-11-06 00:37:52 Notice: Notice (8): Undefined variable: infoLogado in [/Applications/MAMP/htdocs/pontofinch/app/views/layouts/default.ctp, line 49]
2009-11-06 00:37:52 Notice: Notice (8): Undefined variable: infoLogado in [/Applications/MAMP/htdocs/pontofinch/app/views/layouts/default.ctp, line 53]
2009-11-06 00:37:52 Notice: Notice (8): Undefined variable: infoLogado in [/Applications/MAMP/htdocs/pontofinch/app/views/layouts/default.ctp, line 57]
2009-11-06 00:37:57 Notice: Notice (8): Undefined variable: infoLogado in [/Applications/MAMP/htdocs/pontofinch/app/views/layouts/default.ctp, line 41]
2009-11-06 00:37:57 Notice: Notice (8): Undefined variable: infoLogado in [/Applications/MAMP/htdocs/pontofinch/app/views/layouts/default.ctp, line 45]
2009-11-06 00:37:57 Notice: Notice (8): Undefined variable: infoLogado in [/Applications/MAMP/htdocs/pontofinch/app/views/layouts/default.ctp, line 49]
2009-11-06 00:37:57 Notice: Notice (8): Undefined variable: infoLogado in [/Applications/MAMP/htdocs/pontofinch/app/views/layouts/default.ctp, line 53]
2009-11-06 00:37:57 Notice: Notice (8): Undefined variable: infoLogado in [/Applications/MAMP/htdocs/pontofinch/app/views/layouts/default.ctp, line 57]
2009-11-06 00:38:01 Notice: Notice (8): Undefined variable: infoLogado in [/Applications/MAMP/htdocs/pontofinch/app/views/layouts/default.ctp, line 41]
2009-11-06 00:38:01 Notice: Notice (8): Undefined variable: infoLogado in [/Applications/MAMP/htdocs/pontofinch/app/views/layouts/default.ctp, line 45]
2009-11-06 00:38:01 Notice: Notice (8): Undefined variable: infoLogado in [/Applications/MAMP/htdocs/pontofinch/app/views/layouts/default.ctp, line 49]
2009-11-06 00:38:01 Notice: Notice (8): Undefined variable: infoLogado in [/Applications/MAMP/htdocs/pontofinch/app/views/layouts/default.ctp, line 53]
2009-11-06 00:38:01 Notice: Notice (8): Undefined variable: infoLogado in [/Applications/MAMP/htdocs/pontofinch/app/views/layouts/default.ctp, line 57]
2009-11-09 17:30:29 Notice: Notice (8): Undefined index:  administrador in [/Applications/MAMP/htdocs/pontofinch/app/views/funcionarios/index.ctp, line 9]
2009-11-09 21:55:44 Notice: Notice (8): Undefined variable: saida_conf in [/mnt/dados/www_restrito/bancodehoras/app/views/pontos/dia.ctp, line 47]
2009-11-09 21:56:12 Notice: Notice (8): Undefined variable: saida_conf in [/mnt/dados/www_restrito/bancodehoras/app/views/pontos/dia.ctp, line 47]
2009-11-09 22:23:19 Notice: Notice (8): Undefined variable: temp in [/mnt/dados/www_restrito/bancodehoras/app/controllers/pontos_controller.php, line 513]
2009-11-09 22:23:19 Notice: Notice (8): Undefined variable: temp in [/mnt/dados/www_restrito/bancodehoras/app/controllers/pontos_controller.php, line 513]
2009-11-09 22:23:33 Notice: Notice (8): Undefined variable: temp in [/mnt/dados/www_restrito/bancodehoras/app/controllers/pontos_controller.php, line 513]
2009-11-10 13:22:18 Notice: Notice (8): Undefined variable: saida_conf in [/mnt/dados/www_restrito/bancodehoras/app/views/pontos/dia.ctp, line 47]
2009-11-10 13:24:01 Notice: Notice (8): Undefined variable: saida_conf in [/mnt/dados/www_restrito/bancodehoras/app/views/pontos/dia.ctp, line 47]
2009-11-10 13:58:05 Notice: Notice (8): Undefined variable: saida_conf in [/mnt/dados/www_restrito/bancodehoras/app/views/pontos/dia.ctp, line 47]
2009-11-10 15:18:53 Notice: Notice (8): Undefined variable: saida_conf in [/mnt/dados/www_restrito/bancodehoras/app/views/pontos/dia.ctp, line 47]
2009-11-10 15:30:30 Notice: Notice (8): Undefined variable: saida_conf in [/mnt/dados/www_restrito/bancodehoras/app/views/pontos/dia.ctp, line 47]
2009-11-10 16:22:46 Notice: Notice (8): Undefined variable: saida_conf in [/mnt/dados/www_restrito/bancodehoras/app/views/pontos/dia.ctp, line 47]
2009-11-10 16:24:03 Notice: Notice (8): Undefined variable: temp in [/mnt/dados/www_restrito/bancodehoras/app/controllers/pontos_controller.php, line 513]
2009-11-10 16:24:14 Notice: Notice (8): Undefined variable: temp in [/mnt/dados/www_restrito/bancodehoras/app/controllers/pontos_controller.php, line 513]
2009-11-10 16:24:25 Notice: Notice (8): Undefined variable: temp in [/mnt/dados/www_restrito/bancodehoras/app/controllers/pontos_controller.php, line 513]
2009-11-10 16:24:43 Notice: Notice (8): Undefined variable: temp in [/mnt/dados/www_restrito/bancodehoras/app/controllers/pontos_controller.php, line 513]
2009-11-10 16:24:49 Notice: Notice (8): Undefined variable: temp in [/mnt/dados/www_restrito/bancodehoras/app/controllers/pontos_controller.php, line 513]
2009-11-10 16:25:00 Notice: Notice (8): Undefined variable: temp in [/mnt/dados/www_restrito/bancodehoras/app/controllers/pontos_controller.php, line 513]
2009-11-10 16:25:21 Notice: Notice (8): Undefined variable: temp in [/mnt/dados/www_restrito/bancodehoras/app/controllers/pontos_controller.php, line 513]
2009-11-10 16:25:28 Notice: Notice (8): Undefined variable: temp in [/mnt/dados/www_restrito/bancodehoras/app/controllers/pontos_controller.php, line 513]
2009-11-10 16:25:37 Notice: Notice (8): Undefined variable: temp in [/mnt/dados/www_restrito/bancodehoras/app/controllers/pontos_controller.php, line 513]
2009-11-10 16:27:28 Notice: Notice (8): Undefined variable: saida_conf in [/mnt/dados/www_restrito/bancodehoras/app/views/pontos/dia.ctp, line 47]
2009-11-10 18:55:54 Notice: Notice (8): Undefined variable: saida_conf in [/mnt/dados/www_restrito/bancodehoras/app/views/pontos/dia.ctp, line 47]
2009-11-10 18:56:42 Notice: Notice (8): Undefined variable: temp in [/mnt/dados/www_restrito/bancodehoras/app/controllers/pontos_controller.php, line 513]
2009-11-10 18:56:42 Notice: Notice (8): Undefined variable: temp in [/mnt/dados/www_restrito/bancodehoras/app/controllers/pontos_controller.php, line 513]
2009-11-10 18:57:31 Notice: Notice (8): Undefined variable: saida_conf in [/mnt/dados/www_restrito/bancodehoras/app/views/pontos/dia.ctp, line 47]
2009-11-10 18:57:37 Notice: Notice (8): Undefined variable: saida_conf in [/mnt/dados/www_restrito/bancodehoras/app/views/pontos/dia.ctp, line 47]
2009-11-10 18:57:42 Notice: Notice (8): Undefined variable: saida_conf in [/mnt/dados/www_restrito/bancodehoras/app/views/pontos/dia.ctp, line 47]
2009-11-10 18:57:45 Notice: Notice (8): Undefined variable: saida_conf in [/mnt/dados/www_restrito/bancodehoras/app/views/pontos/dia.ctp, line 47]
2009-11-10 18:57:52 Notice: Notice (8): Undefined variable: saida_conf in [/mnt/dados/www_restrito/bancodehoras/app/views/pontos/dia.ctp, line 47]
2009-11-10 20:11:22 Notice: Notice (8): Undefined variable: temp in [/mnt/dados/www_restrito/bancodehoras/app/controllers/pontos_controller.php, line 513]
2009-11-10 20:11:32 Notice: Notice (8): Undefined variable: temp in [/mnt/dados/www_restrito/bancodehoras/app/controllers/pontos_controller.php, line 513]
2009-11-10 20:11:42 Notice: Notice (8): Undefined variable: temp in [/mnt/dados/www_restrito/bancodehoras/app/controllers/pontos_controller.php, line 513]
2009-11-10 20:12:12 Notice: Notice (8): Undefined variable: temp in [/mnt/dados/www_restrito/bancodehoras/app/controllers/pontos_controller.php, line 513]
2009-11-10 20:12:20 Notice: Notice (8): Undefined variable: temp in [/mnt/dados/www_restrito/bancodehoras/app/controllers/pontos_controller.php, line 513]
2009-11-10 20:12:27 Notice: Notice (8): Undefined variable: temp in [/mnt/dados/www_restrito/bancodehoras/app/controllers/pontos_controller.php, line 513]
2009-11-10 20:12:55 Notice: Notice (8): Undefined variable: temp in [/mnt/dados/www_restrito/bancodehoras/app/controllers/pontos_controller.php, line 513]
2009-11-10 20:13:06 Notice: Notice (8): Undefined variable: temp in [/mnt/dados/www_restrito/bancodehoras/app/controllers/pontos_controller.php, line 513]
2009-11-10 20:13:14 Notice: Notice (8): Undefined variable: temp in [/mnt/dados/www_restrito/bancodehoras/app/controllers/pontos_controller.php, line 513]
2009-11-10 20:13:21 Notice: Notice (8): Undefined variable: temp in [/mnt/dados/www_restrito/bancodehoras/app/controllers/pontos_controller.php, line 513]
2009-11-10 20:13:40 Notice: Notice (8): Undefined variable: temp in [/mnt/dados/www_restrito/bancodehoras/app/controllers/pontos_controller.php, line 513]
2009-11-10 20:13:48 Notice: Notice (8): Undefined variable: temp in [/mnt/dados/www_restrito/bancodehoras/app/controllers/pontos_controller.php, line 513]
2009-11-10 20:18:36 Notice: Notice (8): Undefined variable: temp in [/mnt/dados/www_restrito/bancodehoras/app/controllers/pontos_controller.php, line 513]
2009-11-10 20:19:28 Notice: Notice (8): Undefined variable: temp in [/mnt/dados/www_restrito/bancodehoras/app/controllers/pontos_controller.php, line 513]
2009-11-10 20:20:37 Notice: Notice (8): Undefined variable: temp in [/mnt/dados/www_restrito/bancodehoras/app/controllers/pontos_controller.php, line 513]
2009-11-10 20:22:44 Notice: Notice (8): Undefined variable: temp in [/mnt/dados/www_restrito/bancodehoras/app/controllers/pontos_controller.php, line 513]
2009-11-10 20:22:54 Notice: Notice (8): Undefined variable: temp in [/mnt/dados/www_restrito/bancodehoras/app/controllers/pontos_controller.php, line 513]
2009-11-10 20:23:06 Notice: Notice (8): Undefined variable: temp in [/mnt/dados/www_restrito/bancodehoras/app/controllers/pontos_controller.php, line 513]
2009-11-10 20:23:14 Notice: Notice (8): Undefined variable: temp in [/mnt/dados/www_restrito/bancodehoras/app/controllers/pontos_controller.php, line 513]
2009-11-10 20:23:46 Notice: Notice (8): Undefined variable: temp in [/mnt/dados/www_restrito/bancodehoras/app/controllers/pontos_controller.php, line 513]
2009-11-10 20:24:00 Notice: Notice (8): Undefined variable: temp in [/mnt/dados/www_restrito/bancodehoras/app/controllers/pontos_controller.php, line 513]
2009-11-10 20:24:16 Notice: Notice (8): Undefined variable: temp in [/mnt/dados/www_restrito/bancodehoras/app/controllers/pontos_controller.php, line 513]
2009-11-10 20:24:48 Notice: Notice (8): Undefined variable: temp in [/mnt/dados/www_restrito/bancodehoras/app/controllers/pontos_controller.php, line 513]
2009-11-10 20:25:03 Notice: Notice (8): Undefined variable: temp in [/mnt/dados/www_restrito/bancodehoras/app/controllers/pontos_controller.php, line 513]
2009-11-10 20:26:05 Notice: Notice (8): Undefined variable: temp in [/mnt/dados/www_restrito/bancodehoras/app/controllers/pontos_controller.php, line 513]
2009-11-10 20:27:16 Notice: Notice (8): Undefined variable: temp in [/mnt/dados/www_restrito/bancodehoras/app/controllers/pontos_controller.php, line 513]
2009-11-10 20:27:29 Notice: Notice (8): Undefined variable: temp in [/mnt/dados/www_restrito/bancodehoras/app/controllers/pontos_controller.php, line 513]
2009-11-10 20:27:40 Notice: Notice (8): Undefined variable: temp in [/mnt/dados/www_restrito/bancodehoras/app/controllers/pontos_controller.php, line 513]
2009-11-10 20:28:07 Notice: Notice (8): Undefined variable: temp in [/mnt/dados/www_restrito/bancodehoras/app/controllers/pontos_controller.php, line 513]
2009-11-10 20:28:45 Notice: Notice (8): Undefined variable: temp in [/mnt/dados/www_restrito/bancodehoras/app/controllers/pontos_controller.php, line 513]
2009-11-10 20:28:57 Notice: Notice (8): Undefined variable: temp in [/mnt/dados/www_restrito/bancodehoras/app/controllers/pontos_controller.php, line 513]
2009-11-10 20:29:09 Notice: Notice (8): Undefined variable: temp in [/mnt/dados/www_restrito/bancodehoras/app/controllers/pontos_controller.php, line 513]
2009-11-11 13:31:05 Notice: Notice (8): Undefined variable: saida_conf in [/mnt/dados/www_restrito/bancodehoras/app/views/pontos/dia.ctp, line 47]
2009-11-11 13:31:33 Notice: Notice (8): Undefined variable: saida_conf in [/mnt/dados/www_restrito/bancodehoras/app/views/pontos/dia.ctp, line 47]
2009-11-11 14:34:10 Notice: Notice (8): Undefined variable: saida_conf in [/mnt/dados/www_restrito/bancodehoras/app/views/pontos/dia.ctp, line 47]
2009-11-11 14:52:14 Notice: Notice (8): Undefined variable: saida_conf in [/mnt/dados/www_restrito/bancodehoras/app/views/pontos/dia.ctp, line 47]
2009-11-11 18:19:38 Notice: Notice (8): Undefined variable: saida_conf in [/mnt/dados/www_restrito/bancodehoras/app/views/pontos/dia.ctp, line 47]
2009-11-12 14:22:30 Notice: Notice (8): Undefined variable: saida_conf in [/mnt/dados/www_restrito/bancodehoras/app/views/pontos/dia.ctp, line 47]
2009-11-12 15:43:11 Notice: Notice (8): Undefined variable: saida_conf in [/mnt/dados/www_restrito/bancodehoras/app/views/pontos/dia.ctp, line 47]
2009-11-12 15:44:05 Notice: Notice (8): Undefined variable: saida_conf in [/mnt/dados/www_restrito/bancodehoras/app/views/pontos/dia.ctp, line 47]
2009-11-12 17:18:52 Notice: Notice (8): Undefined variable: saida_conf in [/mnt/dados/www_restrito/bancodehoras/app/views/pontos/dia.ctp, line 47]
2009-11-12 17:19:01 Notice: Notice (8): Undefined variable: saida_conf in [/mnt/dados/www_restrito/bancodehoras/app/views/pontos/dia.ctp, line 47]
2009-11-12 17:23:45 Notice: Notice (8): Undefined variable: saida_conf in [/mnt/dados/www_restrito/bancodehoras/app/views/pontos/dia.ctp, line 47]
2009-11-14 02:07:55 Notice: Notice (8): Undefined variable: infoLogado in [/mnt/dados/www_restrito/bancodehoras/app/views/layouts/default.ctp, line 43]
2009-11-14 02:07:55 Notice: Notice (8): Undefined variable: infoLogado in [/mnt/dados/www_restrito/bancodehoras/app/views/layouts/default.ctp, line 47]
2009-11-14 02:07:55 Notice: Notice (8): Undefined variable: infoLogado in [/mnt/dados/www_restrito/bancodehoras/app/views/layouts/default.ctp, line 51]
2009-11-14 02:07:55 Notice: Notice (8): Undefined variable: infoLogado in [/mnt/dados/www_restrito/bancodehoras/app/views/layouts/default.ctp, line 55]
2009-11-14 02:07:55 Notice: Notice (8): Undefined variable: infoLogado in [/mnt/dados/www_restrito/bancodehoras/app/views/layouts/default.ctp, line 59]
2009-11-16 14:10:30 Notice: Notice (8): Undefined variable: saida_conf in [/mnt/dados/www_restrito/bancodehoras/app/views/pontos/dia.ctp, line 47]
2009-11-16 16:48:01 Notice: Notice (8): Undefined variable: saida_conf in [/mnt/dados/www_restrito/bancodehoras/app/views/pontos/dia.ctp, line 47]
2009-11-16 16:49:52 Notice: Notice (8): Undefined variable: saida_conf in [/mnt/dados/www_restrito/bancodehoras/app/views/pontos/dia.ctp, line 47]
2009-11-16 16:50:12 Notice: Notice (8): Undefined variable: saida_conf in [/mnt/dados/www_restrito/bancodehoras/app/views/pontos/dia.ctp, line 47]
2009-11-17 18:20:04 Notice: Notice (8): Undefined variable: saida_conf in [/mnt/dados/www_restrito/bancodehoras/app/views/pontos/dia.ctp, line 47]
2009-11-17 18:20:49 Notice: Notice (8): Undefined variable: saida_conf in [/mnt/dados/www_restrito/bancodehoras/app/views/pontos/dia.ctp, line 47]
2009-11-18 14:13:01 Notice: Notice (8): Undefined variable: saida_conf in [/mnt/dados/www_restrito/bancodehoras/app/views/pontos/dia.ctp, line 47]
2009-11-18 18:30:08 Notice: Notice (8): Undefined variable: saida_conf in [/mnt/dados/www_restrito/bancodehoras/app/views/pontos/dia.ctp, line 47]
2009-11-18 18:32:14 Notice: Notice (8): Undefined variable: saida_conf in [/mnt/dados/www_restrito/bancodehoras/app/views/pontos/dia.ctp, line 47]
2009-11-19 09:21:13 Notice: Notice (8): Undefined variable: saida_conf in [/mnt/dados/www_restrito/bancodehoras/app/views/pontos/dia.ctp, line 47]
2009-11-19 11:04:23 Notice: Notice (8): Undefined variable: saida_conf in [/mnt/dados/www_restrito/bancodehoras/app/views/pontos/dia.ctp, line 47]
2009-11-19 11:04:31 Notice: Notice (8): Undefined variable: saida_conf in [/mnt/dados/www_restrito/bancodehoras/app/views/pontos/dia.ctp, line 47]
2009-11-19 11:43:37 Notice: Notice (8): Undefined variable: saida_conf in [/mnt/dados/www_restrito/bancodehoras/app/views/pontos/dia.ctp, line 47]
2009-11-27 16:23:49 Notice: Notice (8): Undefined variable: temp in [/mnt/dados/www_restrito/bancodehoras/app/controllers/pontos_controller.php, line 514]
2009-11-27 16:23:50 Notice: Notice (8): Undefined variable: temp in [/mnt/dados/www_restrito/bancodehoras/app/controllers/pontos_controller.php, line 514]
2009-11-27 16:24:16 Notice: Notice (8): Undefined variable: temp in [/mnt/dados/www_restrito/bancodehoras/app/controllers/pontos_controller.php, line 514]
2009-11-30 18:39:07 Notice: Notice (8): Undefined variable: temp in [/mnt/dados/www_restrito/bancodehoras/app/controllers/pontos_controller.php, line 514]
2009-11-30 18:39:07 Notice: Notice (8): Undefined variable: temp in [/mnt/dados/www_restrito/bancodehoras/app/controllers/pontos_controller.php, line 514]
2009-12-02 18:33:49 Notice: Notice (8): Undefined variable: temp in [/mnt/dados/www_restrito/bancodehoras/app/controllers/pontos_controller.php, line 514]
2009-12-03 01:40:39 Notice: Notice (8): Undefined variable: temp in [/mnt/dados/www_restrito/bancodehoras/app/controllers/pontos_controller.php, line 514]
2009-12-03 01:41:01 Notice: Notice (8): Undefined variable: temp in [/mnt/dados/www_restrito/bancodehoras/app/controllers/pontos_controller.php, line 514]
2010-03-04 14:34:51 Notice: Notice (8): Undefined variable: temp in [/mnt/dados/www_restrito/bancodehoras/app/controllers/pontos_controller.php, line 514]
2010-03-04 14:35:01 Notice: Notice (8): Undefined variable: temp in [/mnt/dados/www_restrito/bancodehoras/app/controllers/pontos_controller.php, line 514]
2010-03-04 14:35:22 Notice: Notice (8): Undefined variable: temp in [/mnt/dados/www_restrito/bancodehoras/app/controllers/pontos_controller.php, line 514]
2010-03-04 14:35:53 Notice: Notice (8): Undefined variable: temp in [/mnt/dados/www_restrito/bancodehoras/app/controllers/pontos_controller.php, line 514]
2010-03-04 14:36:33 Notice: Notice (8): Undefined variable: temp in [/mnt/dados/www_restrito/bancodehoras/app/controllers/pontos_controller.php, line 514]
2011-03-09 21:58:00 Notice: Notice (8): Undefined variable: infoLogado in [/Users/andregumieri/Documents/_Jobs/Andre/AGF011 - Ponto Eletronico/Repositorio/trunk/app/views/layouts/default.ctp, line 43]
2011-03-09 21:58:00 Notice: Notice (8): Undefined variable: infoLogado in [/Users/andregumieri/Documents/_Jobs/Andre/AGF011 - Ponto Eletronico/Repositorio/trunk/app/views/layouts/default.ctp, line 47]
2011-03-09 21:58:00 Notice: Notice (8): Undefined variable: infoLogado in [/Users/andregumieri/Documents/_Jobs/Andre/AGF011 - Ponto Eletronico/Repositorio/trunk/app/views/layouts/default.ctp, line 51]
2011-03-09 21:58:00 Notice: Notice (8): Undefined variable: infoLogado in [/Users/andregumieri/Documents/_Jobs/Andre/AGF011 - Ponto Eletronico/Repositorio/trunk/app/views/layouts/default.ctp, line 55]
2011-03-09 21:58:00 Notice: Notice (8): Undefined variable: infoLogado in [/Users/andregumieri/Documents/_Jobs/Andre/AGF011 - Ponto Eletronico/Repositorio/trunk/app/views/layouts/default.ctp, line 59]
2011-03-09 21:59:04 Notice: Notice (8): Undefined variable: infoLogado in [/Users/andregumieri/Documents/_Jobs/Andre/AGF011 - Ponto Eletronico/Repositorio/trunk/app/views/layouts/default.ctp, line 43]
2011-03-09 21:59:04 Notice: Notice (8): Undefined variable: infoLogado in [/Users/andregumieri/Documents/_Jobs/Andre/AGF011 - Ponto Eletronico/Repositorio/trunk/app/views/layouts/default.ctp, line 47]
2011-03-09 21:59:04 Notice: Notice (8): Undefined variable: infoLogado in [/Users/andregumieri/Documents/_Jobs/Andre/AGF011 - Ponto Eletronico/Repositorio/trunk/app/views/layouts/default.ctp, line 51]
2011-03-09 21:59:04 Notice: Notice (8): Undefined variable: infoLogado in [/Users/andregumieri/Documents/_Jobs/Andre/AGF011 - Ponto Eletronico/Repositorio/trunk/app/views/layouts/default.ctp, line 55]
2011-03-09 21:59:04 Notice: Notice (8): Undefined variable: infoLogado in [/Users/andregumieri/Documents/_Jobs/Andre/AGF011 - Ponto Eletronico/Repositorio/trunk/app/views/layouts/default.ctp, line 59]
2011-03-09 21:59:04 Notice: Notice (8): Undefined variable: infoLogado in [/Users/andregumieri/Documents/_Jobs/Andre/AGF011 - Ponto Eletronico/Repositorio/trunk/app/views/layouts/default.ctp, line 43]
2011-03-09 21:59:04 Notice: Notice (8): Undefined variable: infoLogado in [/Users/andregumieri/Documents/_Jobs/Andre/AGF011 - Ponto Eletronico/Repositorio/trunk/app/views/layouts/default.ctp, line 47]
2011-03-09 21:59:04 Notice: Notice (8): Undefined variable: infoLogado in [/Users/andregumieri/Documents/_Jobs/Andre/AGF011 - Ponto Eletronico/Repositorio/trunk/app/views/layouts/default.ctp, line 51]
2011-03-09 21:59:04 Notice: Notice (8): Undefined variable: infoLogado in [/Users/andregumieri/Documents/_Jobs/Andre/AGF011 - Ponto Eletronico/Repositorio/trunk/app/views/layouts/default.ctp, line 55]
2011-03-09 21:59:04 Notice: Notice (8): Undefined variable: infoLogado in [/Users/andregumieri/Documents/_Jobs/Andre/AGF011 - Ponto Eletronico/Repositorio/trunk/app/views/layouts/default.ctp, line 59]
2011-03-09 21:59:04 Notice: Notice (8): Undefined variable: infoLogado in [/Users/andregumieri/Documents/_Jobs/Andre/AGF011 - Ponto Eletronico/Repositorio/trunk/app/views/layouts/default.ctp, line 43]
2011-03-09 21:59:04 Notice: Notice (8): Undefined variable: infoLogado in [/Users/andregumieri/Documents/_Jobs/Andre/AGF011 - Ponto Eletronico/Repositorio/trunk/app/views/layouts/default.ctp, line 47]
2011-03-09 21:59:04 Notice: Notice (8): Undefined variable: infoLogado in [/Users/andregumieri/Documents/_Jobs/Andre/AGF011 - Ponto Eletronico/Repositorio/trunk/app/views/layouts/default.ctp, line 51]
2011-03-09 21:59:04 Notice: Notice (8): Undefined variable: infoLogado in [/Users/andregumieri/Documents/_Jobs/Andre/AGF011 - Ponto Eletronico/Repositorio/trunk/app/views/layouts/default.ctp, line 55]
2011-03-09 21:59:04 Notice: Notice (8): Undefined variable: infoLogado in [/Users/andregumieri/Documents/_Jobs/Andre/AGF011 - Ponto Eletronico/Repositorio/trunk/app/views/layouts/default.ctp, line 59]
2011-03-09 21:59:05 Notice: Notice (8): Undefined variable: infoLogado in [/Users/andregumieri/Documents/_Jobs/Andre/AGF011 - Ponto Eletronico/Repositorio/trunk/app/views/layouts/default.ctp, line 43]
2011-03-09 21:59:05 Notice: Notice (8): Undefined variable: infoLogado in [/Users/andregumieri/Documents/_Jobs/Andre/AGF011 - Ponto Eletronico/Repositorio/trunk/app/views/layouts/default.ctp, line 47]
2011-03-09 21:59:05 Notice: Notice (8): Undefined variable: infoLogado in [/Users/andregumieri/Documents/_Jobs/Andre/AGF011 - Ponto Eletronico/Repositorio/trunk/app/views/layouts/default.ctp, line 51]
2011-03-09 21:59:05 Notice: Notice (8): Undefined variable: infoLogado in [/Users/andregumieri/Documents/_Jobs/Andre/AGF011 - Ponto Eletronico/Repositorio/trunk/app/views/layouts/default.ctp, line 55]
2011-03-09 21:59:05 Notice: Notice (8): Undefined variable: infoLogado in [/Users/andregumieri/Documents/_Jobs/Andre/AGF011 - Ponto Eletronico/Repositorio/trunk/app/views/layouts/default.ctp, line 59]
2011-03-09 21:59:05 Notice: Notice (8): Undefined variable: infoLogado in [/Users/andregumieri/Documents/_Jobs/Andre/AGF011 - Ponto Eletronico/Repositorio/trunk/app/views/layouts/default.ctp, line 43]
2011-03-09 21:59:05 Notice: Notice (8): Undefined variable: infoLogado in [/Users/andregumieri/Documents/_Jobs/Andre/AGF011 - Ponto Eletronico/Repositorio/trunk/app/views/layouts/default.ctp, line 47]
2011-03-09 21:59:05 Notice: Notice (8): Undefined variable: infoLogado in [/Users/andregumieri/Documents/_Jobs/Andre/AGF011 - Ponto Eletronico/Repositorio/trunk/app/views/layouts/default.ctp, line 51]
2011-03-09 21:59:05 Notice: Notice (8): Undefined variable: infoLogado in [/Users/andregumieri/Documents/_Jobs/Andre/AGF011 - Ponto Eletronico/Repositorio/trunk/app/views/layouts/default.ctp, line 55]
2011-03-09 21:59:05 Notice: Notice (8): Undefined variable: infoLogado in [/Users/andregumieri/Documents/_Jobs/Andre/AGF011 - Ponto Eletronico/Repositorio/trunk/app/views/layouts/default.ctp, line 59]
2011-03-09 21:59:22 Notice: Notice (8): Undefined variable: infoLogado in [/Users/andregumieri/Documents/_Jobs/Andre/AGF011 - Ponto Eletronico/Repositorio/trunk/app/views/layouts/default.ctp, line 43]
2011-03-09 21:59:22 Notice: Notice (8): Undefined variable: infoLogado in [/Users/andregumieri/Documents/_Jobs/Andre/AGF011 - Ponto Eletronico/Repositorio/trunk/app/views/layouts/default.ctp, line 47]
2011-03-09 21:59:22 Notice: Notice (8): Undefined variable: infoLogado in [/Users/andregumieri/Documents/_Jobs/Andre/AGF011 - Ponto Eletronico/Repositorio/trunk/app/views/layouts/default.ctp, line 51]
2011-03-09 21:59:22 Notice: Notice (8): Undefined variable: infoLogado in [/Users/andregumieri/Documents/_Jobs/Andre/AGF011 - Ponto Eletronico/Repositorio/trunk/app/views/layouts/default.ctp, line 55]
2011-03-09 21:59:22 Notice: Notice (8): Undefined variable: infoLogado in [/Users/andregumieri/Documents/_Jobs/Andre/AGF011 - Ponto Eletronico/Repositorio/trunk/app/views/layouts/default.ctp, line 59]
2011-03-09 21:59:27 Notice: Notice (8): Undefined variable: infoLogado in [/Users/andregumieri/Documents/_Jobs/Andre/AGF011 - Ponto Eletronico/Repositorio/trunk/app/views/layouts/default.ctp, line 43]
2011-03-09 21:59:27 Notice: Notice (8): Undefined variable: infoLogado in [/Users/andregumieri/Documents/_Jobs/Andre/AGF011 - Ponto Eletronico/Repositorio/trunk/app/views/layouts/default.ctp, line 47]
2011-03-09 21:59:27 Notice: Notice (8): Undefined variable: infoLogado in [/Users/andregumieri/Documents/_Jobs/Andre/AGF011 - Ponto Eletronico/Repositorio/trunk/app/views/layouts/default.ctp, line 51]
2011-03-09 21:59:27 Notice: Notice (8): Undefined variable: infoLogado in [/Users/andregumieri/Documents/_Jobs/Andre/AGF011 - Ponto Eletronico/Repositorio/trunk/app/views/layouts/default.ctp, line 55]
2011-03-09 21:59:27 Notice: Notice (8): Undefined variable: infoLogado in [/Users/andregumieri/Documents/_Jobs/Andre/AGF011 - Ponto Eletronico/Repositorio/trunk/app/views/layouts/default.ctp, line 59]
