2009-11-03 20:05:37 Warning: Warning (512): <span style = "color:Red;text-align:left"><b>SQL Error:</b> 1054: Unknown column 'datetime' in 'where clause'</span> in [/Applications/MAMP/htdocs/ponto/cake/libs/model/datasources/dbo_source.php, line 549]
2009-11-03 20:06:03 Warning: Warning (512): <span style = "color:Red;text-align:left"><b>SQL Error:</b> 1054: Unknown column 'Ponto.funcionario_id' in 'on clause'</span> in [/Applications/MAMP/htdocs/ponto/cake/libs/model/datasources/dbo_source.php, line 549]
2009-11-03 20:13:18 Warning: Warning (512): Funcionarios::isAuthorized() is not defined. in [/Applications/MAMP/htdocs/ponto/cake/libs/controller/controller.php, line 756]
2009-11-03 20:13:18 Warning: Warning (2): Cannot modify header information - headers already sent by (output started at /Applications/MAMP/htdocs/ponto/cake/libs/debugger.php:671) in [/Applications/MAMP/htdocs/ponto/cake/libs/controller/controller.php, line 691]
2009-11-03 20:24:20 Warning: Warning (512): <span style = "color:Red;text-align:left"><b>SQL Error:</b> 1054: Unknown column 'Funcionario.funcionario_id' in 'where clause'</span> in [/Applications/MAMP/htdocs/ponto/cake/libs/model/datasources/dbo_source.php, line 549]
2009-11-03 20:41:30 Warning: Warning (2): preg_match() expects parameter 2 to be string, array given in [/Applications/MAMP/htdocs/ponto/cake/libs/model/datasources/dbo_source.php, line 1737]
2009-11-03 20:41:30 Warning: Warning (512): <span style = "color:Red;text-align:left"><b>SQL Error:</b> 1064: You have an error in your SQL syntax; check the manual that corresponds to your MySQL server version for the right syntax to use near '. = 'all'' at line 1</span> in [/Applications/MAMP/htdocs/ponto/cake/libs/model/datasources/dbo_source.php, line 549]
2009-11-03 20:49:46 Warning: Warning (512): <span style = "color:Red;text-align:left"><b>SQL Error:</b> 1054: Unknown column 'Ponto.order' in 'field list'</span> in [/Applications/MAMP/htdocs/ponto/cake/libs/model/datasources/dbo_source.php, line 549]
2009-11-03 20:53:48 Warning: Warning (2): Cannot modify header information - headers already sent by (output started at /Applications/MAMP/htdocs/ponto/app/controllers/pontos_controller.php:70) in [/Applications/MAMP/htdocs/ponto/cake/libs/controller/controller.php, line 691]
2009-11-04 14:28:12 Warning: Warning (2): date() expects parameter 2 to be long, string given in [/Applications/MAMP/htdocs/ponto/app/controllers/pontos_controller.php, line 63]
2009-11-04 14:28:35 Warning: Warning (2): date() expects parameter 2 to be long, string given in [/Applications/MAMP/htdocs/ponto/app/controllers/pontos_controller.php, line 63]
2009-11-04 16:27:29 Warning: Warning (2): Cannot modify header information - headers already sent by (output started at /Applications/MAMP/htdocs/ponto/app/app_controller.php:20) in [/Applications/MAMP/htdocs/ponto/cake/libs/controller/controller.php, line 691]
2009-11-04 19:54:32 Warning: Warning (2): Invalid argument supplied for foreach() in [/Applications/MAMP/htdocs/ponto/app/controllers/pontos_controller.php, line 85]
2009-11-04 23:07:53 Warning: Warning (2): preg_match() expects parameter 2 to be string, array given in [/Applications/MAMP/htdocs/ponto/cake/libs/model/datasources/dbo_source.php, line 1737]
2009-11-04 23:07:53 Warning: Warning (512): <span style = "color:Red;text-align:left"><b>SQL Error:</b> 1054: Unknown column 'Justificativa.Array' in 'field list'</span> in [/Applications/MAMP/htdocs/ponto/cake/libs/model/datasources/dbo_source.php, line 549]
2009-11-04 23:08:10 Warning: Warning (2): preg_match() expects parameter 2 to be string, array given in [/Applications/MAMP/htdocs/ponto/cake/libs/model/datasources/dbo_source.php, line 1737]
2009-11-04 23:08:10 Warning: Warning (512): <span style = "color:Red;text-align:left"><b>SQL Error:</b> 1054: Unknown column 'Justificativa.Array' in 'field list'</span> in [/Applications/MAMP/htdocs/ponto/cake/libs/model/datasources/dbo_source.php, line 549]
2009-11-04 23:08:49 Warning: Warning (2): preg_match() expects parameter 2 to be string, array given in [/Applications/MAMP/htdocs/ponto/cake/libs/model/datasources/dbo_source.php, line 1737]
2009-11-04 23:08:49 Warning: Warning (512): <span style = "color:Red;text-align:left"><b>SQL Error:</b> 1054: Unknown column 'Justificativa.Array' in 'field list'</span> in [/Applications/MAMP/htdocs/ponto/cake/libs/model/datasources/dbo_source.php, line 549]
2009-11-04 23:28:57 Warning: Warning (2): Missing argument 1 for PontosController::timeDiff(), called in /Applications/MAMP/htdocs/ponto/cake/libs/object.php on line 123 and defined in [/Applications/MAMP/htdocs/ponto/app/controllers/pontos_controller.php, line 259]
2009-11-04 23:28:57 Warning: Warning (2): Missing argument 2 for PontosController::timeDiff(), called in /Applications/MAMP/htdocs/ponto/cake/libs/object.php on line 123 and defined in [/Applications/MAMP/htdocs/ponto/app/controllers/pontos_controller.php, line 259]
2009-11-04 23:33:28 Warning: Warning (512): <span style = "color:Red;text-align:left"><b>SQL Error:</b> 1054: Unknown column 'created DESC' in 'field list'</span> in [/Applications/MAMP/htdocs/ponto/cake/libs/model/datasources/dbo_source.php, line 549]
2009-11-04 23:33:39 Warning: Warning (512): <span style = "color:Red;text-align:left"><b>SQL Error:</b> 1054: Unknown column 'Justificativa.created DESC' in 'field list'</span> in [/Applications/MAMP/htdocs/ponto/cake/libs/model/datasources/dbo_source.php, line 549]
2009-11-05 00:26:51 Warning: Warning (512): <span style = "color:Red;text-align:left"><b>SQL Error:</b> 1052: Column 'created' in where clause is ambiguous</span> in [/Applications/MAMP/htdocs/ponto/cake/libs/model/datasources/dbo_source.php, line 549]
2009-11-05 00:27:38 Warning: Warning (512): <span style = "color:Red;text-align:left"><b>SQL Error:</b> 1052: Column 'created' in where clause is ambiguous</span> in [/Applications/MAMP/htdocs/ponto/cake/libs/model/datasources/dbo_source.php, line 549]
2009-11-05 00:27:52 Warning: Warning (512): <span style = "color:Red;text-align:left"><b>SQL Error:</b> 1052: Column 'created' in where clause is ambiguous</span> in [/Applications/MAMP/htdocs/ponto/cake/libs/model/datasources/dbo_source.php, line 549]
2009-11-05 00:29:34 Warning: Warning (512): <span style = "color:Red;text-align:left"><b>SQL Error:</b> 1052: Column 'created' in order clause is ambiguous</span> in [/Applications/MAMP/htdocs/ponto/cake/libs/model/datasources/dbo_source.php, line 549]
2009-11-05 00:29:34 Warning: Warning (2): Invalid argument supplied for foreach() in [/Applications/MAMP/htdocs/ponto/app/controllers/pontos_controller.php, line 107]
2009-11-05 00:29:34 Warning: Warning (2): Invalid argument supplied for foreach() in [/Applications/MAMP/htdocs/ponto/app/controllers/pontos_controller.php, line 135]
2009-11-05 00:29:48 Warning: Warning (512): <span style = "color:Red;text-align:left"><b>SQL Error:</b> 1052: Column 'created' in order clause is ambiguous</span> in [/Applications/MAMP/htdocs/ponto/cake/libs/model/datasources/dbo_source.php, line 549]
2009-11-05 00:29:48 Warning: Warning (2): Invalid argument supplied for foreach() in [/Applications/MAMP/htdocs/ponto/app/controllers/pontos_controller.php, line 135]
2009-11-05 14:36:40 Warning: Warning (2): Cannot modify header information - headers already sent by (output started at /Applications/MAMP/htdocs/ponto/cake/libs/debugger.php:671) in [/Applications/MAMP/htdocs/ponto/cake/libs/controller/controller.php, line 691]
2009-11-05 15:01:11 Warning: Warning (2): Cannot modify header information - headers already sent by (output started at /Applications/MAMP/htdocs/ponto/cake/basics.php:115) in [/Applications/MAMP/htdocs/ponto/cake/libs/controller/controller.php, line 691]
2009-11-05 16:40:02 Warning: Warning (512): <span style = "color:Red;text-align:left"><b>SQL Error:</b> 1052: Column 'created' in where clause is ambiguous</span> in [/Applications/MAMP/htdocs/ponto/cake/libs/model/datasources/dbo_source.php, line 549]
2009-11-05 16:44:36 Warning: Warning (2): Cannot modify header information - headers already sent by (output started at /Applications/MAMP/htdocs/ponto/cake/libs/debugger.php:671) in [/Applications/MAMP/htdocs/ponto/cake/libs/controller/controller.php, line 691]
2009-11-05 19:52:20 Warning: Warning (2): Cannot modify header information - headers already sent by (output started at /Applications/MAMP/htdocs/ponto/cake/libs/debugger.php:671) in [/Applications/MAMP/htdocs/ponto/cake/libs/controller/controller.php, line 691]
2009-11-05 23:38:10 Warning: Warning (2): array_merge() [<a href='http://php.net/function.array-merge'>function.array-merge</a>]: Argument #2 is not an array in [/Applications/MAMP/htdocs/ponto/cake/libs/router.php, line 793]
2009-11-05 23:38:10 Warning: Warning (2): extract() [<a href='http://php.net/function.extract'>function.extract</a>]: First argument should be an array in [/Applications/MAMP/htdocs/ponto/cake/libs/router.php, line 793]
2009-11-06 00:10:41 Warning: Warning (512): <span style = "color:Red;text-align:left"><b>SQL Error:</b> 1054: Unknown column 'Ponto.created' in 'where clause'</span> in [/Applications/MAMP/htdocs/ponto/cake/libs/model/datasources/dbo_source.php, line 549]
2009-11-06 00:10:54 Warning: Warning (512): <span style = "color:Red;text-align:left"><b>SQL Error:</b> 1054: Unknown column 'Funcionario.Ponto.created' in 'where clause'</span> in [/Applications/MAMP/htdocs/ponto/cake/libs/model/datasources/dbo_source.php, line 549]
2009-11-06 00:11:21 Warning: Warning (512): <span style = "color:Red;text-align:left"><b>SQL Error:</b> 1054: Unknown column 'Funcionario.Ponto.created' in 'where clause'</span> in [/Applications/MAMP/htdocs/ponto/cake/libs/model/datasources/dbo_source.php, line 549]
2009-11-06 00:11:22 Warning: Warning (512): <span style = "color:Red;text-align:left"><b>SQL Error:</b> 1054: Unknown column 'Funcionario.Ponto.created' in 'where clause'</span> in [/Applications/MAMP/htdocs/ponto/cake/libs/model/datasources/dbo_source.php, line 549]
2009-11-06 00:11:25 Warning: Warning (512): <span style = "color:Red;text-align:left"><b>SQL Error:</b> 1054: Unknown column 'Funcionario.Ponto.created' in 'where clause'</span> in [/Applications/MAMP/htdocs/ponto/cake/libs/model/datasources/dbo_source.php, line 549]
2009-11-06 00:11:29 Warning: Warning (512): <span style = "color:Red;text-align:left"><b>SQL Error:</b> 1054: Unknown column 'Funcionario.Ponto.created' in 'where clause'</span> in [/Applications/MAMP/htdocs/ponto/cake/libs/model/datasources/dbo_source.php, line 549]
2009-11-06 00:30:21 Warning: Warning (2): Cannot modify header information - headers already sent by (output started at /Applications/MAMP/htdocs/ponto/app/controllers/funcionarios_controller.php:73) in [/Applications/MAMP/htdocs/ponto/cake/libs/controller/controller.php, line 691]
2011-03-09 21:58:00 Warning: Warning (2): mysql_connect() [<a href='http://php.net/function.mysql-connect'>function.mysql-connect</a>]: Access denied for user 'root'@'localhost' (using password: YES) in [/Users/andregumieri/Documents/_Jobs/Andre/AGF011 - Ponto Eletronico/Repositorio/trunk/cake/libs/model/datasources/dbo/dbo_mysql.php, line 393]
2011-03-09 21:58:00 Warning: Warning (2): mysql_select_db(): supplied argument is not a valid MySQL-Link resource in [/Users/andregumieri/Documents/_Jobs/Andre/AGF011 - Ponto Eletronico/Repositorio/trunk/cake/libs/model/datasources/dbo/dbo_mysql.php, line 398]
2011-03-09 21:58:00 Warning: Warning (2): mysql_get_server_info(): supplied argument is not a valid MySQL-Link resource in [/Users/andregumieri/Documents/_Jobs/Andre/AGF011 - Ponto Eletronico/Repositorio/trunk/cake/libs/model/datasources/dbo/dbo_mysql.php, line 406]
2011-03-09 21:58:00 Warning: Warning (2): mysql_query(): supplied argument is not a valid MySQL-Link resource in [/Users/andregumieri/Documents/_Jobs/Andre/AGF011 - Ponto Eletronico/Repositorio/trunk/cake/libs/model/datasources/dbo/dbo_mysql.php, line 432]
2011-03-09 21:59:03 Warning: Warning (2): mysql_connect() [<a href='http://php.net/function.mysql-connect'>function.mysql-connect</a>]: Access denied for user 'root'@'localhost' (using password: YES) in [/Users/andregumieri/Documents/_Jobs/Andre/AGF011 - Ponto Eletronico/Repositorio/trunk/cake/libs/model/datasources/dbo/dbo_mysql.php, line 393]
2011-03-09 21:59:03 Warning: Warning (2): mysql_select_db(): supplied argument is not a valid MySQL-Link resource in [/Users/andregumieri/Documents/_Jobs/Andre/AGF011 - Ponto Eletronico/Repositorio/trunk/cake/libs/model/datasources/dbo/dbo_mysql.php, line 398]
2011-03-09 21:59:03 Warning: Warning (2): mysql_get_server_info(): supplied argument is not a valid MySQL-Link resource in [/Users/andregumieri/Documents/_Jobs/Andre/AGF011 - Ponto Eletronico/Repositorio/trunk/cake/libs/model/datasources/dbo/dbo_mysql.php, line 406]
2011-03-09 21:59:03 Warning: Warning (2): mysql_query(): supplied argument is not a valid MySQL-Link resource in [/Users/andregumieri/Documents/_Jobs/Andre/AGF011 - Ponto Eletronico/Repositorio/trunk/cake/libs/model/datasources/dbo/dbo_mysql.php, line 432]
2011-03-09 21:59:04 Warning: Warning (2): mysql_connect() [<a href='http://php.net/function.mysql-connect'>function.mysql-connect</a>]: Access denied for user 'root'@'localhost' (using password: YES) in [/Users/andregumieri/Documents/_Jobs/Andre/AGF011 - Ponto Eletronico/Repositorio/trunk/cake/libs/model/datasources/dbo/dbo_mysql.php, line 393]
2011-03-09 21:59:04 Warning: Warning (2): mysql_select_db(): supplied argument is not a valid MySQL-Link resource in [/Users/andregumieri/Documents/_Jobs/Andre/AGF011 - Ponto Eletronico/Repositorio/trunk/cake/libs/model/datasources/dbo/dbo_mysql.php, line 398]
2011-03-09 21:59:04 Warning: Warning (2): mysql_get_server_info(): supplied argument is not a valid MySQL-Link resource in [/Users/andregumieri/Documents/_Jobs/Andre/AGF011 - Ponto Eletronico/Repositorio/trunk/cake/libs/model/datasources/dbo/dbo_mysql.php, line 406]
2011-03-09 21:59:04 Warning: Warning (2): mysql_query(): supplied argument is not a valid MySQL-Link resource in [/Users/andregumieri/Documents/_Jobs/Andre/AGF011 - Ponto Eletronico/Repositorio/trunk/cake/libs/model/datasources/dbo/dbo_mysql.php, line 432]
2011-03-09 21:59:04 Warning: Warning (2): mysql_connect() [<a href='http://php.net/function.mysql-connect'>function.mysql-connect</a>]: Access denied for user 'root'@'localhost' (using password: YES) in [/Users/andregumieri/Documents/_Jobs/Andre/AGF011 - Ponto Eletronico/Repositorio/trunk/cake/libs/model/datasources/dbo/dbo_mysql.php, line 393]
2011-03-09 21:59:04 Warning: Warning (2): mysql_select_db(): supplied argument is not a valid MySQL-Link resource in [/Users/andregumieri/Documents/_Jobs/Andre/AGF011 - Ponto Eletronico/Repositorio/trunk/cake/libs/model/datasources/dbo/dbo_mysql.php, line 398]
2011-03-09 21:59:04 Warning: Warning (2): mysql_get_server_info(): supplied argument is not a valid MySQL-Link resource in [/Users/andregumieri/Documents/_Jobs/Andre/AGF011 - Ponto Eletronico/Repositorio/trunk/cake/libs/model/datasources/dbo/dbo_mysql.php, line 406]
2011-03-09 21:59:04 Warning: Warning (2): mysql_query(): supplied argument is not a valid MySQL-Link resource in [/Users/andregumieri/Documents/_Jobs/Andre/AGF011 - Ponto Eletronico/Repositorio/trunk/cake/libs/model/datasources/dbo/dbo_mysql.php, line 432]
2011-03-09 21:59:05 Warning: Warning (2): mysql_connect() [<a href='http://php.net/function.mysql-connect'>function.mysql-connect</a>]: Access denied for user 'root'@'localhost' (using password: YES) in [/Users/andregumieri/Documents/_Jobs/Andre/AGF011 - Ponto Eletronico/Repositorio/trunk/cake/libs/model/datasources/dbo/dbo_mysql.php, line 393]
2011-03-09 21:59:05 Warning: Warning (2): mysql_select_db(): supplied argument is not a valid MySQL-Link resource in [/Users/andregumieri/Documents/_Jobs/Andre/AGF011 - Ponto Eletronico/Repositorio/trunk/cake/libs/model/datasources/dbo/dbo_mysql.php, line 398]
2011-03-09 21:59:05 Warning: Warning (2): mysql_get_server_info(): supplied argument is not a valid MySQL-Link resource in [/Users/andregumieri/Documents/_Jobs/Andre/AGF011 - Ponto Eletronico/Repositorio/trunk/cake/libs/model/datasources/dbo/dbo_mysql.php, line 406]
2011-03-09 21:59:05 Warning: Warning (2): mysql_query(): supplied argument is not a valid MySQL-Link resource in [/Users/andregumieri/Documents/_Jobs/Andre/AGF011 - Ponto Eletronico/Repositorio/trunk/cake/libs/model/datasources/dbo/dbo_mysql.php, line 432]
2011-03-09 21:59:05 Warning: Warning (2): mysql_connect() [<a href='http://php.net/function.mysql-connect'>function.mysql-connect</a>]: Access denied for user 'root'@'localhost' (using password: YES) in [/Users/andregumieri/Documents/_Jobs/Andre/AGF011 - Ponto Eletronico/Repositorio/trunk/cake/libs/model/datasources/dbo/dbo_mysql.php, line 393]
2011-03-09 21:59:05 Warning: Warning (2): mysql_select_db(): supplied argument is not a valid MySQL-Link resource in [/Users/andregumieri/Documents/_Jobs/Andre/AGF011 - Ponto Eletronico/Repositorio/trunk/cake/libs/model/datasources/dbo/dbo_mysql.php, line 398]
2011-03-09 21:59:05 Warning: Warning (2): mysql_get_server_info(): supplied argument is not a valid MySQL-Link resource in [/Users/andregumieri/Documents/_Jobs/Andre/AGF011 - Ponto Eletronico/Repositorio/trunk/cake/libs/model/datasources/dbo/dbo_mysql.php, line 406]
2011-03-09 21:59:05 Warning: Warning (2): mysql_query(): supplied argument is not a valid MySQL-Link resource in [/Users/andregumieri/Documents/_Jobs/Andre/AGF011 - Ponto Eletronico/Repositorio/trunk/cake/libs/model/datasources/dbo/dbo_mysql.php, line 432]
2011-03-09 21:59:22 Warning: Warning (2): mysql_connect() [<a href='http://php.net/function.mysql-connect'>function.mysql-connect</a>]: Access denied for user 'root'@'localhost' (using password: YES) in [/Users/andregumieri/Documents/_Jobs/Andre/AGF011 - Ponto Eletronico/Repositorio/trunk/cake/libs/model/datasources/dbo/dbo_mysql.php, line 393]
2011-03-09 21:59:22 Warning: Warning (2): mysql_select_db(): supplied argument is not a valid MySQL-Link resource in [/Users/andregumieri/Documents/_Jobs/Andre/AGF011 - Ponto Eletronico/Repositorio/trunk/cake/libs/model/datasources/dbo/dbo_mysql.php, line 398]
2011-03-09 21:59:22 Warning: Warning (2): mysql_get_server_info(): supplied argument is not a valid MySQL-Link resource in [/Users/andregumieri/Documents/_Jobs/Andre/AGF011 - Ponto Eletronico/Repositorio/trunk/cake/libs/model/datasources/dbo/dbo_mysql.php, line 406]
2011-03-09 21:59:22 Warning: Warning (2): mysql_query(): supplied argument is not a valid MySQL-Link resource in [/Users/andregumieri/Documents/_Jobs/Andre/AGF011 - Ponto Eletronico/Repositorio/trunk/cake/libs/model/datasources/dbo/dbo_mysql.php, line 432]
2011-03-09 21:59:27 Warning: Warning (2): mysql_connect() [<a href='http://php.net/function.mysql-connect'>function.mysql-connect</a>]: Access denied for user 'root'@'localhost' (using password: YES) in [/Users/andregumieri/Documents/_Jobs/Andre/AGF011 - Ponto Eletronico/Repositorio/trunk/cake/libs/model/datasources/dbo/dbo_mysql.php, line 393]
2011-03-09 21:59:27 Warning: Warning (2): mysql_select_db(): supplied argument is not a valid MySQL-Link resource in [/Users/andregumieri/Documents/_Jobs/Andre/AGF011 - Ponto Eletronico/Repositorio/trunk/cake/libs/model/datasources/dbo/dbo_mysql.php, line 398]
2011-03-09 21:59:27 Warning: Warning (2): mysql_get_server_info(): supplied argument is not a valid MySQL-Link resource in [/Users/andregumieri/Documents/_Jobs/Andre/AGF011 - Ponto Eletronico/Repositorio/trunk/cake/libs/model/datasources/dbo/dbo_mysql.php, line 406]
2011-03-09 21:59:27 Warning: Warning (2): mysql_query(): supplied argument is not a valid MySQL-Link resource in [/Users/andregumieri/Documents/_Jobs/Andre/AGF011 - Ponto Eletronico/Repositorio/trunk/cake/libs/model/datasources/dbo/dbo_mysql.php, line 432]
